Using pre-set license
Built from '2020.2/staging' branch; Version is '2020.2.3f1 (8ff31bc5bf5b) revision 9433883'; Using compiler version '192528614'; Build Type 'Release'
OS: 'Windows 10 Pro; OS build 19042.1052; Version 2009; 64bit' Language: 'en' Physical Memory: 16333 MB
BatchMode: 1, IsHumanControllingUs: 0, StartBugReporterOnCrash: 0, Is64bit: 1, IsPro: 0

 COMMAND LINE ARGUMENTS:
Z:\Unity\2020.2.3f1\Editor\Unity.exe
-adb2
-batchMode
-noUpm
-name
AssetImportWorker0
-projectPath
Z:/GitHub/Clone Repositories/The-Day-After/The Day After
-logFile
Logs/AssetImportWorker0.log
-srvPort
56769
Successfully changed project path to: Z:/GitHub/Clone Repositories/The-Day-After/The Day After
Z:/GitHub/Clone Repositories/The-Day-After/The Day After
Using Asset Import Pipeline V2.
Refreshing native plugins compatible for Editor in 51.26 ms, found 1 plugins.
Preloading 0 native plugins for Editor in 0.00 ms.
Initialize engine version: 2020.2.3f1 (8ff31bc5bf5b)
[Subsystems] Discovering subsystems at path Z:/Unity/2020.2.3f1/Editor/Data/Resources/UnitySubsystems
[Subsystems] Discovering subsystems at path Z:/GitHub/Clone Repositories/The-Day-After/The Day After/Assets
GfxDevice: creating device client; threaded=0
Direct3D:
    Version:  Direct3D 11.0 [level 11.1]
    Renderer: NVIDIA GeForce RTX 2080 (ID=0x1e87)
    Vendor:   
    VRAM:     8010 MB
    Driver:   27.21.14.6677
Initialize mono
Mono path[0] = 'Z:/Unity/2020.2.3f1/Editor/Data/Managed'
Mono path[1] = 'Z:/Unity/2020.2.3f1/Editor/Data/MonoBleedingEdge/lib/mono/unityjit'
Mono config path = 'Z:/Unity/2020.2.3f1/Editor/Data/MonoBleedingEdge/etc'
Using monoOptions --debugger-agent=transport=dt_socket,embedding=1,server=y,suspend=n,address=127.0.0.1:56880
Begin MonoManager ReloadAssembly
Registering precompiled unity dll's ...
Register platform support module: Z:/Unity/2020.2.3f1/Editor/Data/PlaybackEngines/WebGLSupport/UnityEditor.WebGL.Extensions.dll
Register platform support module: Z:/Unity/2020.2.3f1/Editor/Data/PlaybackEngines/WindowsStandaloneSupport/UnityEditor.WindowsStandalone.Extensions.dll
Registered in 0.001497 seconds.
Native extension for WindowsStandalone target not found
Native extension for WebGL target not found
Refreshing native plugins compatible for Editor in 50.71 ms, found 1 plugins.
Preloading 0 native plugins for Editor in 0.00 ms.
Invoked RoslynAnalysisRunner static constructor.
RoslynAnalysisRunner will not be running.
RoslynAnalysisRunner has terminated.
Mono: successfully reloaded assembly
- Completed reload, in  1.080 seconds
Platform modules already initialized, skipping
Registering precompiled user dll's ...
Registered in 0.000992 seconds.
Begin MonoManager ReloadAssembly
Native extension for WindowsStandalone target not found
Native extension for WebGL target not found
Refreshing native plugins compatible for Editor in 52.76 ms, found 1 plugins.
Preloading 0 native plugins for Editor in 0.00 ms.
Invoked RoslynAnalysisRunner static constructor.
RoslynAnalysisRunner will not be running.
RoslynAnalysisRunner has terminated.
Mono: successfully reloaded assembly
- Completed reload, in  1.114 seconds
Platform modules already initialized, skipping
========================================================================
Worker process is ready to serve import requests
Launched and connected shader compiler UnityShaderCompiler.exe after 0.05 seconds
Refreshing native plugins compatible for Editor in 0.40 ms, found 1 plugins.
Preloading 0 native plugins for Editor in 0.00 ms.
Unloading 2129 Unused Serialized files (Serialized files now loaded: 0)
System memory in use before: 97.6 MB.
System memory in use after: 97.5 MB.

Unloading 26 unused Assets to reduce memory usage. Loaded Objects now: 2574.
Total: 2.514900 ms (FindLiveObjects: 0.276900 ms CreateObjectMapping: 0.057600 ms MarkObjects: 2.032200 ms  DeleteObjects: 0.146800 ms)

========================================================================
Received Import Request.
  path: Assets/Sprites/ProtagBedHead.png
  artifactKey: Guid(173a6c1291fa76945964eb0eb3729f70) Importer(815301076,1909f56bfc062723c751e8b465ee728b)
Start importing Assets/Sprites/ProtagBedHead.png using Guid(173a6c1291fa76945964eb0eb3729f70) Importer(815301076,1909f56bfc062723c751e8b465ee728b)  -> (artifact id: 'ef922f45a12c04c5e4d3c6973414c39a') in 0.092370 seconds
  Import took 0.096150 seconds .

========================================================================
Received Import Request.
  Time since last request: 17.156182 seconds.
  path: Assets/Scripts/UI/UIEventHandler/Data/PreGameEventData.asset
  artifactKey: Guid(ff6f586ce014e844786b5177c5184fc9) Importer(815301076,1909f56bfc062723c751e8b465ee728b)
Start importing Assets/Scripts/UI/UIEventHandler/Data/PreGameEventData.asset using Guid(ff6f586ce014e844786b5177c5184fc9) Importer(815301076,1909f56bfc062723c751e8b465ee728b)  -> (artifact id: '07c3a4b409971529782f4227b8dad626') in 0.011803 seconds
  Import took 0.015374 seconds .

========================================================================
Received Import Request.
  Time since last request: 0.010857 seconds.
  path: Assets/Scripts/UI/UIEventHandler/Data/PreGameEventData.asset
  artifactKey: Guid(ff6f586ce014e844786b5177c5184fc9) Importer(815301076,1909f56bfc062723c751e8b465ee728b)
Start importing Assets/Scripts/UI/UIEventHandler/Data/PreGameEventData.asset using Guid(ff6f586ce014e844786b5177c5184fc9) Importer(815301076,1909f56bfc062723c751e8b465ee728b)  -> (artifact id: '07c3a4b409971529782f4227b8dad626') in 0.002532 seconds
  Import took 0.006089 seconds .

========================================================================
Received Import Request.
  Time since last request: 3.822737 seconds.
  path: Assets/Scripts/UI/UIEventHandler/Data/PreGameEventData.asset
  artifactKey: Guid(ff6f586ce014e844786b5177c5184fc9) Importer(815301076,1909f56bfc062723c751e8b465ee728b)
Start importing Assets/Scripts/UI/UIEventHandler/Data/PreGameEventData.asset using Guid(ff6f586ce014e844786b5177c5184fc9) Importer(815301076,1909f56bfc062723c751e8b465ee728b)  -> (artifact id: '4081c9647ecdab2a60021ea6f65adda8') in 0.002635 seconds
  Import took 0.006241 seconds .

========================================================================
Received Import Request.
  Time since last request: 0.016740 seconds.
  path: Assets/Scripts/UI/UIEventHandler/Data/PreGameEventData.asset
  artifactKey: Guid(ff6f586ce014e844786b5177c5184fc9) Importer(815301076,1909f56bfc062723c751e8b465ee728b)
Start importing Assets/Scripts/UI/UIEventHandler/Data/PreGameEventData.asset using Guid(ff6f586ce014e844786b5177c5184fc9) Importer(815301076,1909f56bfc062723c751e8b465ee728b)  -> (artifact id: '4081c9647ecdab2a60021ea6f65adda8') in 0.002423 seconds
  Import took 0.005873 seconds .

========================================================================
Received Prepare
Registering precompiled user dll's ...
Registered in 0.001004 seconds.
Begin MonoManager ReloadAssembly
Native extension for WindowsStandalone target not found
Native extension for WebGL target not found
Refreshing native plugins compatible for Editor in 0.54 ms, found 1 plugins.
Preloading 0 native plugins for Editor in 0.00 ms.
Invoked RoslynAnalysisRunner static constructor.
RoslynAnalysisRunner will not be running.
RoslynAnalysisRunner has terminated.
Mono: successfully reloaded assembly
- Completed reload, in  0.982 seconds
Platform modules already initialized, skipping
Refreshing native plugins compatible for Editor in 0.46 ms, found 1 plugins.
Preloading 0 native plugins for Editor in 0.00 ms.
Unloading 2111 Unused Serialized files (Serialized files now loaded: 0)
System memory in use before: 99.6 MB.
System memory in use after: 99.6 MB.

Unloading 12 unused Assets to reduce memory usage. Loaded Objects now: 2583.
Total: 2.419400 ms (FindLiveObjects: 0.233100 ms CreateObjectMapping: 0.066400 ms MarkObjects: 2.005400 ms  DeleteObjects: 0.113000 ms)

========================================================================
Received Import Request.
  Time since last request: 14.530007 seconds.
  path: Assets/Sprites/ProtagBedHead.png
  artifactKey: Guid(173a6c1291fa76945964eb0eb3729f70) Importer(815301076,1909f56bfc062723c751e8b465ee728b)
Start importing Assets/Sprites/ProtagBedHead.png using Guid(173a6c1291fa76945964eb0eb3729f70) Importer(815301076,1909f56bfc062723c751e8b465ee728b)  -> (artifact id: '4523ff08baee2d34aefe0f9ccb394a29') in 0.055317 seconds
  Import took 0.058998 seconds .

========================================================================
Received Import Request.
  Time since last request: 10.185521 seconds.
  path: Assets/Sprites/ProtagBedHead.png
  artifactKey: Guid(173a6c1291fa76945964eb0eb3729f70) Importer(815301076,1909f56bfc062723c751e8b465ee728b)
Start importing Assets/Sprites/ProtagBedHead.png using Guid(173a6c1291fa76945964eb0eb3729f70) Importer(815301076,1909f56bfc062723c751e8b465ee728b)  -> (artifact id: '7caeea6cf5adb2bcea13385245292d58') in 0.015249 seconds
  Import took 0.018830 seconds .

========================================================================
Received Import Request.
  Time since last request: 0.001952 seconds.
  path: Assets/Sprites/ProtagBedHead.png
  artifactKey: Guid(173a6c1291fa76945964eb0eb3729f70) Importer(815301076,1909f56bfc062723c751e8b465ee728b)
Start importing Assets/Sprites/ProtagBedHead.png using Guid(173a6c1291fa76945964eb0eb3729f70) Importer(815301076,1909f56bfc062723c751e8b465ee728b)  -> (artifact id: '7caeea6cf5adb2bcea13385245292d58') in 0.006637 seconds
  Import took 0.010259 seconds .

========================================================================
Received Import Request.
  Time since last request: 117.681224 seconds.
  path: Assets/Scripts/UI/UIEventHandler/Data/PreGameEventData.asset
  artifactKey: Guid(ff6f586ce014e844786b5177c5184fc9) Importer(815301076,1909f56bfc062723c751e8b465ee728b)
Start importing Assets/Scripts/UI/UIEventHandler/Data/PreGameEventData.asset using Guid(ff6f586ce014e844786b5177c5184fc9) Importer(815301076,1909f56bfc062723c751e8b465ee728b)  -> (artifact id: '30c116b5585e7c31d32e3bc732605b66') in 0.002957 seconds
  Import took 0.006547 seconds .

========================================================================
Received Import Request.
  Time since last request: 0.021354 seconds.
  path: Assets/Scripts/UI/UIEventHandler/Data/PreGameEventData.asset
  artifactKey: Guid(ff6f586ce014e844786b5177c5184fc9) Importer(815301076,1909f56bfc062723c751e8b465ee728b)
Start importing Assets/Scripts/UI/UIEventHandler/Data/PreGameEventData.asset using Guid(ff6f586ce014e844786b5177c5184fc9) Importer(815301076,1909f56bfc062723c751e8b465ee728b)  -> (artifact id: '30c116b5585e7c31d32e3bc732605b66') in 0.002374 seconds
  Import took 0.005884 seconds .

AssetImportWorkerClient::OnTransportError - code=2 error=End of file
