Using pre-set license
Built from '2020.2/staging' branch; Version is '2020.2.3f1 (8ff31bc5bf5b) revision 9433883'; Using compiler version '192528614'; Build Type 'Release'
OS: 'Windows 10 Pro; OS build 19042.1052; Version 2009; 64bit' Language: 'en' Physical Memory: 16333 MB
BatchMode: 1, IsHumanControllingUs: 0, StartBugReporterOnCrash: 0, Is64bit: 1, IsPro: 0

 COMMAND LINE ARGUMENTS:
Z:\Unity\2020.2.3f1\Editor\Unity.exe
-adb2
-batchMode
-noUpm
-name
AssetImportWorker2
-projectPath
Z:/GitHub/Clone Repositories/The-Day-After/The Day After
-logFile
Logs/AssetImportWorker2.log
-srvPort
50025
Successfully changed project path to: Z:/GitHub/Clone Repositories/The-Day-After/The Day After
Z:/GitHub/Clone Repositories/The-Day-After/The Day After
Using Asset Import Pipeline V2.
Refreshing native plugins compatible for Editor in 52.22 ms, found 1 plugins.
Preloading 0 native plugins for Editor in 0.00 ms.
Initialize engine version: 2020.2.3f1 (8ff31bc5bf5b)
[Subsystems] Discovering subsystems at path Z:/Unity/2020.2.3f1/Editor/Data/Resources/UnitySubsystems
[Subsystems] Discovering subsystems at path Z:/GitHub/Clone Repositories/The-Day-After/The Day After/Assets
GfxDevice: creating device client; threaded=0
Direct3D:
    Version:  Direct3D 11.0 [level 11.1]
    Renderer: NVIDIA GeForce RTX 2080 (ID=0x1e87)
    Vendor:   
    VRAM:     8010 MB
    Driver:   27.21.14.6677
Initialize mono
Mono path[0] = 'Z:/Unity/2020.2.3f1/Editor/Data/Managed'
Mono path[1] = 'Z:/Unity/2020.2.3f1/Editor/Data/MonoBleedingEdge/lib/mono/unityjit'
Mono config path = 'Z:/Unity/2020.2.3f1/Editor/Data/MonoBleedingEdge/etc'
Using monoOptions --debugger-agent=transport=dt_socket,embedding=1,server=y,suspend=n,address=127.0.0.1:56208
Begin MonoManager ReloadAssembly
Registering precompiled unity dll's ...
Register platform support module: Z:/Unity/2020.2.3f1/Editor/Data/PlaybackEngines/WebGLSupport/UnityEditor.WebGL.Extensions.dll
Register platform support module: Z:/Unity/2020.2.3f1/Editor/Data/PlaybackEngines/WindowsStandaloneSupport/UnityEditor.WindowsStandalone.Extensions.dll
Registered in 0.001430 seconds.
Native extension for WindowsStandalone target not found
Native extension for WebGL target not found
Refreshing native plugins compatible for Editor in 51.41 ms, found 1 plugins.
Preloading 0 native plugins for Editor in 0.00 ms.
Invoked RoslynAnalysisRunner static constructor.
RoslynAnalysisRunner will not be running.
RoslynAnalysisRunner has terminated.
Mono: successfully reloaded assembly
- Completed reload, in  1.576 seconds
Platform modules already initialized, skipping
Registering precompiled user dll's ...
Registered in 0.000800 seconds.
Begin MonoManager ReloadAssembly
Native extension for WindowsStandalone target not found
Native extension for WebGL target not found
Refreshing native plugins compatible for Editor in 53.95 ms, found 1 plugins.
Preloading 0 native plugins for Editor in 0.00 ms.
Invoked RoslynAnalysisRunner static constructor.
RoslynAnalysisRunner will not be running.
RoslynAnalysisRunner has terminated.
Mono: successfully reloaded assembly
- Completed reload, in  1.098 seconds
Platform modules already initialized, skipping
========================================================================
Worker process is ready to serve import requests
Launched and connected shader compiler UnityShaderCompiler.exe after 0.06 seconds
Refreshing native plugins compatible for Editor in 0.46 ms, found 1 plugins.
Preloading 0 native plugins for Editor in 0.00 ms.
Unloading 2130 Unused Serialized files (Serialized files now loaded: 0)
System memory in use before: 97.7 MB.
System memory in use after: 97.7 MB.

Unloading 26 unused Assets to reduce memory usage. Loaded Objects now: 2575.
Total: 2.797800 ms (FindLiveObjects: 0.242400 ms CreateObjectMapping: 0.058400 ms MarkObjects: 2.343300 ms  DeleteObjects: 0.152200 ms)

========================================================================
Received Import Request.
  path: Assets/Scenes/Main Menu.unity
  artifactKey: Guid(61428cc5f5d3b8b48ba672cf516b6bd4) Importer(815301076,1909f56bfc062723c751e8b465ee728b)
Start importing Assets/Scenes/Main Menu.unity using Guid(61428cc5f5d3b8b48ba672cf516b6bd4) Importer(815301076,1909f56bfc062723c751e8b465ee728b)  -> (artifact id: 'e81bbad1a400f59b00733976c1c3ab38') in 0.018598 seconds
  Import took 0.022179 seconds .

========================================================================
Received Import Request.
  Time since last request: 4.127084 seconds.
  path: Assets/Scenes/PreGameplayEvent.unity
  artifactKey: Guid(6ffd31ed67eaa214caaeb3b658de7b3f) Importer(815301076,1909f56bfc062723c751e8b465ee728b)
Start importing Assets/Scenes/PreGameplayEvent.unity using Guid(6ffd31ed67eaa214caaeb3b658de7b3f) Importer(815301076,1909f56bfc062723c751e8b465ee728b)  -> (artifact id: '8e7c5b24de71306a0df1cf6634920b76') in 0.008089 seconds
  Import took 0.025603 seconds .

========================================================================
Received Import Request.
  Time since last request: 123.195964 seconds.
  path: Assets/TextMesh Pro/Documentation
  artifactKey: Guid(8e7e8f5a82a3a134e91c54efd2274ea9) Importer(815301076,1909f56bfc062723c751e8b465ee728b)
Start importing Assets/TextMesh Pro/Documentation using Guid(8e7e8f5a82a3a134e91c54efd2274ea9) Importer(815301076,1909f56bfc062723c751e8b465ee728b)  -> (artifact id: 'bb6cf54cbbe07246ed6532e4b5b27497') in 0.008085 seconds
  Import took 0.011913 seconds .

========================================================================
Received Prepare
Registering precompiled user dll's ...
Registered in 0.000930 seconds.
Begin MonoManager ReloadAssembly
Native extension for WindowsStandalone target not found
Native extension for WebGL target not found
Refreshing native plugins compatible for Editor in 0.46 ms, found 1 plugins.
Preloading 0 native plugins for Editor in 0.00 ms.
Invoked RoslynAnalysisRunner static constructor.
RoslynAnalysisRunner will not be running.
RoslynAnalysisRunner has terminated.
Mono: successfully reloaded assembly
- Completed reload, in  0.963 seconds
Platform modules already initialized, skipping
Refreshing native plugins compatible for Editor in 0.45 ms, found 1 plugins.
Preloading 0 native plugins for Editor in 0.00 ms.
Unloading 2112 Unused Serialized files (Serialized files now loaded: 0)
System memory in use before: 96.8 MB.
System memory in use after: 96.8 MB.

Unloading 12 unused Assets to reduce memory usage. Loaded Objects now: 2578.
Total: 2.293900 ms (FindLiveObjects: 0.210300 ms CreateObjectMapping: 0.056800 ms MarkObjects: 1.915100 ms  DeleteObjects: 0.110700 ms)

========================================================================
Received Prepare
Registering precompiled user dll's ...
Registered in 0.000954 seconds.
Begin MonoManager ReloadAssembly
Native extension for WindowsStandalone target not found
Native extension for WebGL target not found
Refreshing native plugins compatible for Editor in 0.45 ms, found 1 plugins.
Preloading 0 native plugins for Editor in 0.00 ms.
Invoked RoslynAnalysisRunner static constructor.
RoslynAnalysisRunner will not be running.
RoslynAnalysisRunner has terminated.
Mono: successfully reloaded assembly
- Completed reload, in  0.947 seconds
Platform modules already initialized, skipping
Refreshing native plugins compatible for Editor in 0.45 ms, found 1 plugins.
Preloading 0 native plugins for Editor in 0.00 ms.
Unloading 2112 Unused Serialized files (Serialized files now loaded: 0)
System memory in use before: 96.9 MB.
System memory in use after: 96.9 MB.

Unloading 12 unused Assets to reduce memory usage. Loaded Objects now: 2581.
Total: 2.463900 ms (FindLiveObjects: 0.237800 ms CreateObjectMapping: 0.054000 ms MarkObjects: 2.051600 ms  DeleteObjects: 0.119100 ms)

========================================================================
Received Prepare
Registering precompiled user dll's ...
Registered in 0.000983 seconds.
Begin MonoManager ReloadAssembly
Native extension for WindowsStandalone target not found
Native extension for WebGL target not found
Refreshing native plugins compatible for Editor in 0.46 ms, found 1 plugins.
Preloading 0 native plugins for Editor in 0.00 ms.
Invoked RoslynAnalysisRunner static constructor.
RoslynAnalysisRunner will not be running.
RoslynAnalysisRunner has terminated.
Mono: successfully reloaded assembly
- Completed reload, in  0.953 seconds
Platform modules already initialized, skipping
Refreshing native plugins compatible for Editor in 0.47 ms, found 1 plugins.
Preloading 0 native plugins for Editor in 0.00 ms.
Unloading 2112 Unused Serialized files (Serialized files now loaded: 0)
System memory in use before: 96.9 MB.
System memory in use after: 96.9 MB.

Unloading 12 unused Assets to reduce memory usage. Loaded Objects now: 2584.
Total: 2.757400 ms (FindLiveObjects: 0.404200 ms CreateObjectMapping: 0.124300 ms MarkObjects: 2.103800 ms  DeleteObjects: 0.123700 ms)

========================================================================
Received Import Request.
  Time since last request: 513.572535 seconds.
  path: Assets/Scenes/PostGameplayEvent.unity
  artifactKey: Guid(8e93b016f6f03d14e951453f68b0d6f3) Importer(815301076,1909f56bfc062723c751e8b465ee728b)
Start importing Assets/Scenes/PostGameplayEvent.unity using Guid(8e93b016f6f03d14e951453f68b0d6f3) Importer(815301076,1909f56bfc062723c751e8b465ee728b)  -> (artifact id: 'e07d1fa59696595b35dc48fb516e9de6') in 0.017985 seconds
  Import took 0.035678 seconds .

========================================================================
Received Prepare
Registering precompiled user dll's ...
Registered in 0.000919 seconds.
Begin MonoManager ReloadAssembly
Native extension for WindowsStandalone target not found
Native extension for WebGL target not found
Refreshing native plugins compatible for Editor in 0.45 ms, found 1 plugins.
Preloading 0 native plugins for Editor in 0.00 ms.
Invoked RoslynAnalysisRunner static constructor.
RoslynAnalysisRunner will not be running.
RoslynAnalysisRunner has terminated.
Mono: successfully reloaded assembly
- Completed reload, in  0.958 seconds
Platform modules already initialized, skipping
Refreshing native plugins compatible for Editor in 0.46 ms, found 1 plugins.
Preloading 0 native plugins for Editor in 0.00 ms.
Unloading 2112 Unused Serialized files (Serialized files now loaded: 0)
System memory in use before: 96.9 MB.
System memory in use after: 96.9 MB.

Unloading 12 unused Assets to reduce memory usage. Loaded Objects now: 2587.
Total: 2.309700 ms (FindLiveObjects: 0.223600 ms CreateObjectMapping: 0.055500 ms MarkObjects: 1.915300 ms  DeleteObjects: 0.114100 ms)

========================================================================
Received Import Request.
  Time since last request: 261.492959 seconds.
  path: Assets/Scenes/Main Menu.unity
  artifactKey: Guid(61428cc5f5d3b8b48ba672cf516b6bd4) Importer(815301076,1909f56bfc062723c751e8b465ee728b)
Start importing Assets/Scenes/Main Menu.unity using Guid(61428cc5f5d3b8b48ba672cf516b6bd4) Importer(815301076,1909f56bfc062723c751e8b465ee728b)  -> (artifact id: 'cc0d15b7f5b2d74ff22b2aa45eaefc40') in 0.012882 seconds
  Import took 0.016358 seconds .

========================================================================
Received Prepare
Registering precompiled user dll's ...
Registered in 0.000928 seconds.
Begin MonoManager ReloadAssembly
Native extension for WindowsStandalone target not found
Native extension for WebGL target not found
Refreshing native plugins compatible for Editor in 0.45 ms, found 1 plugins.
Preloading 0 native plugins for Editor in 0.00 ms.
Invoked RoslynAnalysisRunner static constructor.
RoslynAnalysisRunner will not be running.
RoslynAnalysisRunner has terminated.
Mono: successfully reloaded assembly
- Completed reload, in  0.953 seconds
Platform modules already initialized, skipping
Refreshing native plugins compatible for Editor in 0.47 ms, found 1 plugins.
Preloading 0 native plugins for Editor in 0.00 ms.
Unloading 2112 Unused Serialized files (Serialized files now loaded: 0)
System memory in use before: 96.9 MB.
System memory in use after: 96.9 MB.

Unloading 12 unused Assets to reduce memory usage. Loaded Objects now: 2590.
Total: 2.320800 ms (FindLiveObjects: 0.222600 ms CreateObjectMapping: 0.055800 ms MarkObjects: 1.926400 ms  DeleteObjects: 0.115000 ms)

========================================================================
Received Import Request.
  Time since last request: 9.378205 seconds.
  path: Assets/Scenes/PostGameplayEvent.unity
  artifactKey: Guid(8e93b016f6f03d14e951453f68b0d6f3) Importer(815301076,1909f56bfc062723c751e8b465ee728b)
Start importing Assets/Scenes/PostGameplayEvent.unity using Guid(8e93b016f6f03d14e951453f68b0d6f3) Importer(815301076,1909f56bfc062723c751e8b465ee728b)  -> (artifact id: '214f97a7588bfb9e4b22941316509003') in 0.012478 seconds
  Import took 0.016115 seconds .

========================================================================
Received Import Request.
  Time since last request: 0.002938 seconds.
  path: Assets/Scenes/PostGameplayEvent.unity
  artifactKey: Guid(8e93b016f6f03d14e951453f68b0d6f3) Importer(815301076,1909f56bfc062723c751e8b465ee728b)
Start importing Assets/Scenes/PostGameplayEvent.unity using Guid(8e93b016f6f03d14e951453f68b0d6f3) Importer(815301076,1909f56bfc062723c751e8b465ee728b)  -> (artifact id: '214f97a7588bfb9e4b22941316509003') in 0.002067 seconds
  Import took 0.005582 seconds .

========================================================================
Received Import Request.
  Time since last request: 25.412171 seconds.
  path: Assets/Scenes/PreGameplayEvent.unity
  artifactKey: Guid(6ffd31ed67eaa214caaeb3b658de7b3f) Importer(815301076,1909f56bfc062723c751e8b465ee728b)
Start importing Assets/Scenes/PreGameplayEvent.unity using Guid(6ffd31ed67eaa214caaeb3b658de7b3f) Importer(815301076,1909f56bfc062723c751e8b465ee728b)  -> (artifact id: 'd528d824db7714191d6db3e374a49b13') in 0.002323 seconds
  Import took 0.019888 seconds .

========================================================================
Received Prepare
Registering precompiled user dll's ...
Registered in 0.000934 seconds.
Begin MonoManager ReloadAssembly
Native extension for WindowsStandalone target not found
Native extension for WebGL target not found
Refreshing native plugins compatible for Editor in 0.46 ms, found 1 plugins.
Preloading 0 native plugins for Editor in 0.00 ms.
Invoked RoslynAnalysisRunner static constructor.
RoslynAnalysisRunner will not be running.
RoslynAnalysisRunner has terminated.
Mono: successfully reloaded assembly
- Completed reload, in  0.947 seconds
Platform modules already initialized, skipping
Refreshing native plugins compatible for Editor in 0.49 ms, found 1 plugins.
Preloading 0 native plugins for Editor in 0.00 ms.
Unloading 2112 Unused Serialized files (Serialized files now loaded: 0)
System memory in use before: 97.0 MB.
System memory in use after: 97.0 MB.

Unloading 12 unused Assets to reduce memory usage. Loaded Objects now: 2593.
Total: 2.510400 ms (FindLiveObjects: 0.256500 ms CreateObjectMapping: 0.066400 ms MarkObjects: 2.067100 ms  DeleteObjects: 0.118800 ms)

========================================================================
Received Import Request.
  Time since last request: 9.238421 seconds.
  path: Assets/Scenes/Main Menu.unity
  artifactKey: Guid(61428cc5f5d3b8b48ba672cf516b6bd4) Importer(815301076,1909f56bfc062723c751e8b465ee728b)
Start importing Assets/Scenes/Main Menu.unity using Guid(61428cc5f5d3b8b48ba672cf516b6bd4) Importer(815301076,1909f56bfc062723c751e8b465ee728b)  -> (artifact id: 'f610f3c90789e811f630c3867066dba8') in 0.012512 seconds
  Import took 0.030090 seconds .

========================================================================
Received Prepare
Registering precompiled user dll's ...
Registered in 0.000925 seconds.
Begin MonoManager ReloadAssembly
Native extension for WindowsStandalone target not found
Native extension for WebGL target not found
Refreshing native plugins compatible for Editor in 0.48 ms, found 1 plugins.
Preloading 0 native plugins for Editor in 0.00 ms.
Invoked RoslynAnalysisRunner static constructor.
RoslynAnalysisRunner will not be running.
RoslynAnalysisRunner has terminated.
Mono: successfully reloaded assembly
- Completed reload, in  0.955 seconds
Platform modules already initialized, skipping
Refreshing native plugins compatible for Editor in 0.47 ms, found 1 plugins.
Preloading 0 native plugins for Editor in 0.00 ms.
Unloading 2112 Unused Serialized files (Serialized files now loaded: 0)
System memory in use before: 97.0 MB.
System memory in use after: 97.0 MB.

Unloading 12 unused Assets to reduce memory usage. Loaded Objects now: 2596.
Total: 2.540600 ms (FindLiveObjects: 0.225500 ms CreateObjectMapping: 0.060600 ms MarkObjects: 2.127500 ms  DeleteObjects: 0.125800 ms)

========================================================================
Received Prepare
Registering precompiled user dll's ...
Registered in 0.000873 seconds.
Begin MonoManager ReloadAssembly
Native extension for WindowsStandalone target not found
Native extension for WebGL target not found
Refreshing native plugins compatible for Editor in 0.46 ms, found 1 plugins.
Preloading 0 native plugins for Editor in 0.00 ms.
Invoked RoslynAnalysisRunner static constructor.
RoslynAnalysisRunner will not be running.
RoslynAnalysisRunner has terminated.
Mono: successfully reloaded assembly
- Completed reload, in  0.948 seconds
Platform modules already initialized, skipping
Refreshing native plugins compatible for Editor in 0.45 ms, found 1 plugins.
Preloading 0 native plugins for Editor in 0.00 ms.
Unloading 2112 Unused Serialized files (Serialized files now loaded: 0)
System memory in use before: 97.0 MB.
System memory in use after: 97.0 MB.

Unloading 12 unused Assets to reduce memory usage. Loaded Objects now: 2599.
Total: 2.611800 ms (FindLiveObjects: 0.339100 ms CreateObjectMapping: 0.079800 ms MarkObjects: 2.068400 ms  DeleteObjects: 0.123500 ms)

========================================================================
Received Prepare
Registering precompiled user dll's ...
Registered in 0.000912 seconds.
Begin MonoManager ReloadAssembly
Native extension for WindowsStandalone target not found
Native extension for WebGL target not found
Refreshing native plugins compatible for Editor in 0.46 ms, found 1 plugins.
Preloading 0 native plugins for Editor in 0.00 ms.
Invoked RoslynAnalysisRunner static constructor.
RoslynAnalysisRunner will not be running.
RoslynAnalysisRunner has terminated.
Mono: successfully reloaded assembly
- Completed reload, in  0.936 seconds
Platform modules already initialized, skipping
Refreshing native plugins compatible for Editor in 0.51 ms, found 1 plugins.
Preloading 0 native plugins for Editor in 0.00 ms.
Unloading 2112 Unused Serialized files (Serialized files now loaded: 0)
System memory in use before: 97.0 MB.
System memory in use after: 97.0 MB.

Unloading 12 unused Assets to reduce memory usage. Loaded Objects now: 2602.
Total: 2.499200 ms (FindLiveObjects: 0.301500 ms CreateObjectMapping: 0.054900 ms MarkObjects: 2.022700 ms  DeleteObjects: 0.119100 ms)

========================================================================
Received Prepare
Registering precompiled user dll's ...
Registered in 0.000936 seconds.
Begin MonoManager ReloadAssembly
Native extension for WindowsStandalone target not found
Native extension for WebGL target not found
Refreshing native plugins compatible for Editor in 0.46 ms, found 1 plugins.
Preloading 0 native plugins for Editor in 0.00 ms.
Invoked RoslynAnalysisRunner static constructor.
RoslynAnalysisRunner will not be running.
RoslynAnalysisRunner has terminated.
Mono: successfully reloaded assembly
- Completed reload, in  0.975 seconds
Platform modules already initialized, skipping
Refreshing native plugins compatible for Editor in 0.45 ms, found 1 plugins.
Preloading 0 native plugins for Editor in 0.00 ms.
Unloading 2112 Unused Serialized files (Serialized files now loaded: 0)
System memory in use before: 97.0 MB.
System memory in use after: 97.0 MB.

Unloading 12 unused Assets to reduce memory usage. Loaded Objects now: 2605.
Total: 2.400500 ms (FindLiveObjects: 0.226700 ms CreateObjectMapping: 0.056300 ms MarkObjects: 1.983400 ms  DeleteObjects: 0.133100 ms)

========================================================================
Received Prepare
Registering precompiled user dll's ...
Registered in 0.001146 seconds.
Begin MonoManager ReloadAssembly
Native extension for WindowsStandalone target not found
Native extension for WebGL target not found
Refreshing native plugins compatible for Editor in 0.46 ms, found 1 plugins.
Preloading 0 native plugins for Editor in 0.00 ms.
Invoked RoslynAnalysisRunner static constructor.
RoslynAnalysisRunner will not be running.
RoslynAnalysisRunner has terminated.
Mono: successfully reloaded assembly
- Completed reload, in  0.998 seconds
Platform modules already initialized, skipping
Refreshing native plugins compatible for Editor in 0.48 ms, found 1 plugins.
Preloading 0 native plugins for Editor in 0.00 ms.
Unloading 2112 Unused Serialized files (Serialized files now loaded: 0)
System memory in use before: 97.0 MB.
System memory in use after: 97.0 MB.

Unloading 12 unused Assets to reduce memory usage. Loaded Objects now: 2608.
Total: 2.542200 ms (FindLiveObjects: 0.352800 ms CreateObjectMapping: 0.088600 ms MarkObjects: 1.976000 ms  DeleteObjects: 0.123100 ms)

========================================================================
Received Prepare
Registering precompiled user dll's ...
Registered in 0.000971 seconds.
Begin MonoManager ReloadAssembly
Native extension for WindowsStandalone target not found
Native extension for WebGL target not found
Refreshing native plugins compatible for Editor in 0.48 ms, found 1 plugins.
Preloading 0 native plugins for Editor in 0.00 ms.
Invoked RoslynAnalysisRunner static constructor.
RoslynAnalysisRunner will not be running.
RoslynAnalysisRunner has terminated.
Mono: successfully reloaded assembly
- Completed reload, in  0.954 seconds
Platform modules already initialized, skipping
Refreshing native plugins compatible for Editor in 0.46 ms, found 1 plugins.
Preloading 0 native plugins for Editor in 0.00 ms.
Unloading 2112 Unused Serialized files (Serialized files now loaded: 0)
System memory in use before: 97.0 MB.
System memory in use after: 97.0 MB.

Unloading 12 unused Assets to reduce memory usage. Loaded Objects now: 2611.
Total: 2.428300 ms (FindLiveObjects: 0.234500 ms CreateObjectMapping: 0.060300 ms MarkObjects: 2.012000 ms  DeleteObjects: 0.120300 ms)

========================================================================
Received Prepare
Registering precompiled user dll's ...
Registered in 0.001052 seconds.
Begin MonoManager ReloadAssembly
Native extension for WindowsStandalone target not found
Native extension for WebGL target not found
Refreshing native plugins compatible for Editor in 0.46 ms, found 1 plugins.
Preloading 0 native plugins for Editor in 0.00 ms.
Invoked RoslynAnalysisRunner static constructor.
RoslynAnalysisRunner will not be running.
RoslynAnalysisRunner has terminated.
Mono: successfully reloaded assembly
- Completed reload, in  0.938 seconds
Platform modules already initialized, skipping
Refreshing native plugins compatible for Editor in 0.45 ms, found 1 plugins.
Preloading 0 native plugins for Editor in 0.00 ms.
Unloading 2112 Unused Serialized files (Serialized files now loaded: 0)
System memory in use before: 97.0 MB.
System memory in use after: 97.0 MB.

Unloading 12 unused Assets to reduce memory usage. Loaded Objects now: 2614.
Total: 2.599400 ms (FindLiveObjects: 0.336800 ms CreateObjectMapping: 0.087600 ms MarkObjects: 2.042900 ms  DeleteObjects: 0.131000 ms)

========================================================================
Received Prepare
Registering precompiled user dll's ...
Registered in 0.000941 seconds.
Begin MonoManager ReloadAssembly
Native extension for WindowsStandalone target not found
Native extension for WebGL target not found
Refreshing native plugins compatible for Editor in 0.46 ms, found 1 plugins.
Preloading 0 native plugins for Editor in 0.00 ms.
Invoked RoslynAnalysisRunner static constructor.
RoslynAnalysisRunner will not be running.
RoslynAnalysisRunner has terminated.
Mono: successfully reloaded assembly
- Completed reload, in  0.952 seconds
Platform modules already initialized, skipping
Refreshing native plugins compatible for Editor in 0.46 ms, found 1 plugins.
Preloading 0 native plugins for Editor in 0.00 ms.
Unloading 2112 Unused Serialized files (Serialized files now loaded: 0)
System memory in use before: 97.0 MB.
System memory in use after: 97.0 MB.

Unloading 12 unused Assets to reduce memory usage. Loaded Objects now: 2617.
Total: 2.574300 ms (FindLiveObjects: 0.256300 ms CreateObjectMapping: 0.059400 ms MarkObjects: 2.134000 ms  DeleteObjects: 0.122900 ms)

========================================================================
Received Prepare
Registering precompiled user dll's ...
Registered in 0.000956 seconds.
Begin MonoManager ReloadAssembly
Native extension for WindowsStandalone target not found
Native extension for WebGL target not found
Refreshing native plugins compatible for Editor in 0.44 ms, found 1 plugins.
Preloading 0 native plugins for Editor in 0.00 ms.
Invoked RoslynAnalysisRunner static constructor.
RoslynAnalysisRunner will not be running.
RoslynAnalysisRunner has terminated.
Mono: successfully reloaded assembly
- Completed reload, in  0.955 seconds
Platform modules already initialized, skipping
Refreshing native plugins compatible for Editor in 0.45 ms, found 1 plugins.
Preloading 0 native plugins for Editor in 0.00 ms.
Unloading 2112 Unused Serialized files (Serialized files now loaded: 0)
System memory in use before: 97.1 MB.
System memory in use after: 97.1 MB.

Unloading 12 unused Assets to reduce memory usage. Loaded Objects now: 2620.
Total: 2.421100 ms (FindLiveObjects: 0.224000 ms CreateObjectMapping: 0.054800 ms MarkObjects: 2.021300 ms  DeleteObjects: 0.119900 ms)

========================================================================
Received Prepare
Registering precompiled user dll's ...
Registered in 0.000965 seconds.
Begin MonoManager ReloadAssembly
Native extension for WindowsStandalone target not found
Native extension for WebGL target not found
Refreshing native plugins compatible for Editor in 0.49 ms, found 1 plugins.
Preloading 0 native plugins for Editor in 0.00 ms.
Invoked RoslynAnalysisRunner static constructor.
RoslynAnalysisRunner will not be running.
RoslynAnalysisRunner has terminated.
Mono: successfully reloaded assembly
- Completed reload, in  0.953 seconds
Platform modules already initialized, skipping
Refreshing native plugins compatible for Editor in 0.45 ms, found 1 plugins.
Preloading 0 native plugins for Editor in 0.00 ms.
Unloading 2112 Unused Serialized files (Serialized files now loaded: 0)
System memory in use before: 97.1 MB.
System memory in use after: 97.1 MB.

Unloading 12 unused Assets to reduce memory usage. Loaded Objects now: 2623.
Total: 2.731600 ms (FindLiveObjects: 0.226900 ms CreateObjectMapping: 0.057000 ms MarkObjects: 2.323100 ms  DeleteObjects: 0.123100 ms)

========================================================================
Received Import Request.
  Time since last request: 2271.083474 seconds.
  path: Assets/TempTCFLogo.png
  artifactKey: Guid(d181ec8c0b7ac2c4ea1c224e4cdb4a10) Importer(815301076,1909f56bfc062723c751e8b465ee728b)
Start importing Assets/TempTCFLogo.png using Guid(d181ec8c0b7ac2c4ea1c224e4cdb4a10) Importer(815301076,1909f56bfc062723c751e8b465ee728b)  -> (artifact id: 'd27fd422ac266fcc60a4e1326d57ca54') in 0.105876 seconds
  Import took 0.109463 seconds .

========================================================================
Received Import Request.
  Time since last request: 7.398566 seconds.
  path: Assets/Sprites/UI
  artifactKey: Guid(69f3095cf991ae348ab8b6c2a2eab609) Importer(815301076,1909f56bfc062723c751e8b465ee728b)
Start importing Assets/Sprites/UI using Guid(69f3095cf991ae348ab8b6c2a2eab609) Importer(815301076,1909f56bfc062723c751e8b465ee728b)  -> (artifact id: '42219e7069be4f80ba6c2bbc4e66fdad') in 0.008393 seconds
  Import took 0.012033 seconds .

========================================================================
Received Import Request.
  Time since last request: 23.277237 seconds.
  path: Assets/sit ani.png
  artifactKey: Guid(b9f19862c09d66f48a1e8b5b171fc4cc) Importer(815301076,1909f56bfc062723c751e8b465ee728b)
Start importing Assets/sit ani.png using Guid(b9f19862c09d66f48a1e8b5b171fc4cc) Importer(815301076,1909f56bfc062723c751e8b465ee728b)  -> (artifact id: 'b3c0ad9258f6a5949e85a61bc48d297f') in 0.015927 seconds
  Import took 0.019502 seconds .

========================================================================
Received Import Request.
  Time since last request: 10.485633 seconds.
  path: Assets/TempTCFLogo.png
  artifactKey: Guid(d181ec8c0b7ac2c4ea1c224e4cdb4a10) Importer(815301076,1909f56bfc062723c751e8b465ee728b)
Start importing Assets/TempTCFLogo.png using Guid(d181ec8c0b7ac2c4ea1c224e4cdb4a10) Importer(815301076,1909f56bfc062723c751e8b465ee728b)  -> (artifact id: '894e00cc78a5d3d4eeff52da954bb908') in 0.015192 seconds
  Import took 0.018814 seconds .

========================================================================
Received Import Request.
  Time since last request: 0.000244 seconds.
  path: Assets/sit ani.png
  artifactKey: Guid(b9f19862c09d66f48a1e8b5b171fc4cc) Importer(815301076,1909f56bfc062723c751e8b465ee728b)
Start importing Assets/sit ani.png using Guid(b9f19862c09d66f48a1e8b5b171fc4cc) Importer(815301076,1909f56bfc062723c751e8b465ee728b)  -> (artifact id: 'dec3f90a40c521b951f3e18483ee6b94') in 0.015756 seconds
  Import took 0.019171 seconds .

========================================================================
Received Import Request.
  Time since last request: 0.000251 seconds.
  path: Assets/TempTCFLogo.png
  artifactKey: Guid(d181ec8c0b7ac2c4ea1c224e4cdb4a10) Importer(815301076,1909f56bfc062723c751e8b465ee728b)
Start importing Assets/TempTCFLogo.png using Guid(d181ec8c0b7ac2c4ea1c224e4cdb4a10) Importer(815301076,1909f56bfc062723c751e8b465ee728b)  -> (artifact id: '894e00cc78a5d3d4eeff52da954bb908') in 0.006650 seconds
  Import took 0.010198 seconds .

========================================================================
Received Import Request.
  Time since last request: 3.474198 seconds.
  path: Assets/sit ani.png
  artifactKey: Guid(b9f19862c09d66f48a1e8b5b171fc4cc) Importer(815301076,1909f56bfc062723c751e8b465ee728b)
Start importing Assets/sit ani.png using Guid(b9f19862c09d66f48a1e8b5b171fc4cc) Importer(815301076,1909f56bfc062723c751e8b465ee728b)  -> (artifact id: '9801256d7f1340ccc02bf58a3aaf52d2') in 0.013387 seconds
  Import took 0.017076 seconds .

========================================================================
Received Import Request.
  Time since last request: 0.011009 seconds.
  path: Assets/sit ani.png
  artifactKey: Guid(b9f19862c09d66f48a1e8b5b171fc4cc) Importer(815301076,1909f56bfc062723c751e8b465ee728b)
Start importing Assets/sit ani.png using Guid(b9f19862c09d66f48a1e8b5b171fc4cc) Importer(815301076,1909f56bfc062723c751e8b465ee728b)  -> (artifact id: '9801256d7f1340ccc02bf58a3aaf52d2') in 0.004628 seconds
  Import took 0.008176 seconds .

========================================================================
Received Import Request.
  Time since last request: 4.501228 seconds.
  path: Assets/sit ani.png
  artifactKey: Guid(b9f19862c09d66f48a1e8b5b171fc4cc) Importer(815301076,1909f56bfc062723c751e8b465ee728b)
Start importing Assets/sit ani.png using Guid(b9f19862c09d66f48a1e8b5b171fc4cc) Importer(815301076,1909f56bfc062723c751e8b465ee728b)  -> (artifact id: 'bbc06ea868d5d8cd945c80dc4d0ad895') in 0.022021 seconds
  Import took 0.025550 seconds .

========================================================================
Received Import Request.
  Time since last request: 114.430642 seconds.
  path: Assets/Animation/Animations/Player/PLAYER_MENUANIM.anim
  artifactKey: Guid(0eb654759ce40854092fe7ad548c07c1) Importer(815301076,1909f56bfc062723c751e8b465ee728b)
Start importing Assets/Animation/Animations/Player/PLAYER_MENUANIM.anim using Guid(0eb654759ce40854092fe7ad548c07c1) Importer(815301076,1909f56bfc062723c751e8b465ee728b)  -> (artifact id: '4fd345b425419f283c8a26c592d48bbc') in 0.010587 seconds
  Import took 0.014287 seconds .

========================================================================
Received Import Request.
  Time since last request: 0.007497 seconds.
  path: Assets/Animation/Animations/Player/PLAYER_MENUANIM.anim
  artifactKey: Guid(0eb654759ce40854092fe7ad548c07c1) Importer(815301076,1909f56bfc062723c751e8b465ee728b)
Start importing Assets/Animation/Animations/Player/PLAYER_MENUANIM.anim using Guid(0eb654759ce40854092fe7ad548c07c1) Importer(815301076,1909f56bfc062723c751e8b465ee728b)  -> (artifact id: '4fd345b425419f283c8a26c592d48bbc') in 0.002816 seconds
  Import took 0.006217 seconds .

========================================================================
Received Import Request.
  Time since last request: 3.282645 seconds.
  path: Assets/Animation/Animations/Player/PLAYER_EMPTY.anim
  artifactKey: Guid(bffd7ea30499f944dbc0f7376449d3fb) Importer(815301076,1909f56bfc062723c751e8b465ee728b)
Start importing Assets/Animation/Animations/Player/PLAYER_EMPTY.anim using Guid(bffd7ea30499f944dbc0f7376449d3fb) Importer(815301076,1909f56bfc062723c751e8b465ee728b)  -> (artifact id: 'b72f35a7a1e990481f0513bbb939641c') in 0.008835 seconds
  Import took 0.012491 seconds .

========================================================================
Received Import Request.
  Time since last request: 3.994716 seconds.
  path: Assets/Animation/Animations/Player/Movement/PLAYER_CLOTHEDMOVE.anim
  artifactKey: Guid(89396c54c1f99224eb8e46725181e51c) Importer(815301076,1909f56bfc062723c751e8b465ee728b)
Start importing Assets/Animation/Animations/Player/Movement/PLAYER_CLOTHEDMOVE.anim using Guid(89396c54c1f99224eb8e46725181e51c) Importer(815301076,1909f56bfc062723c751e8b465ee728b)  -> (artifact id: 'c658b03fd6c66240635e74cba1166ff3') in 0.009618 seconds
  Import took 0.013329 seconds .

========================================================================
Received Import Request.
  Time since last request: 0.275846 seconds.
  path: Assets/Animation/Animations/Player/Movement/PLAYER_CLOTHEDIDLE.anim
  artifactKey: Guid(837a502baf1abba41b399fdc5f1fe246) Importer(815301076,1909f56bfc062723c751e8b465ee728b)
Start importing Assets/Animation/Animations/Player/Movement/PLAYER_CLOTHEDIDLE.anim using Guid(837a502baf1abba41b399fdc5f1fe246) Importer(815301076,1909f56bfc062723c751e8b465ee728b)  -> (artifact id: '9832d6341dacc476b8cae61250f4876f') in 0.008618 seconds
  Import took 0.012129 seconds .

========================================================================
Received Prepare
Registering precompiled user dll's ...
Registered in 0.000913 seconds.
Begin MonoManager ReloadAssembly
Native extension for WindowsStandalone target not found
Native extension for WebGL target not found
Refreshing native plugins compatible for Editor in 0.47 ms, found 1 plugins.
Preloading 0 native plugins for Editor in 0.00 ms.
Invoked RoslynAnalysisRunner static constructor.
RoslynAnalysisRunner will not be running.
RoslynAnalysisRunner has terminated.
Mono: successfully reloaded assembly
- Completed reload, in  0.948 seconds
Platform modules already initialized, skipping
Refreshing native plugins compatible for Editor in 0.45 ms, found 1 plugins.
Preloading 0 native plugins for Editor in 0.00 ms.
Unloading 2112 Unused Serialized files (Serialized files now loaded: 0)
System memory in use before: 100.0 MB.
System memory in use after: 100.0 MB.

Unloading 12 unused Assets to reduce memory usage. Loaded Objects now: 2634.
Total: 2.502600 ms (FindLiveObjects: 0.243300 ms CreateObjectMapping: 0.069200 ms MarkObjects: 2.072400 ms  DeleteObjects: 0.116700 ms)

========================================================================
Received Prepare
Registering precompiled user dll's ...
Registered in 0.000937 seconds.
Begin MonoManager ReloadAssembly
Native extension for WindowsStandalone target not found
Native extension for WebGL target not found
Refreshing native plugins compatible for Editor in 0.47 ms, found 1 plugins.
Preloading 0 native plugins for Editor in 0.00 ms.
Invoked RoslynAnalysisRunner static constructor.
RoslynAnalysisRunner will not be running.
RoslynAnalysisRunner has terminated.
Mono: successfully reloaded assembly
- Completed reload, in  0.944 seconds
Platform modules already initialized, skipping
Refreshing native plugins compatible for Editor in 0.46 ms, found 1 plugins.
Preloading 0 native plugins for Editor in 0.00 ms.
Unloading 2112 Unused Serialized files (Serialized files now loaded: 0)
System memory in use before: 100.1 MB.
System memory in use after: 100.0 MB.

Unloading 12 unused Assets to reduce memory usage. Loaded Objects now: 2637.
Total: 2.729200 ms (FindLiveObjects: 0.331300 ms CreateObjectMapping: 0.059400 ms MarkObjects: 2.208300 ms  DeleteObjects: 0.127700 ms)

========================================================================
Received Prepare
Registering precompiled user dll's ...
Registered in 0.000921 seconds.
Begin MonoManager ReloadAssembly
Native extension for WindowsStandalone target not found
Native extension for WebGL target not found
Refreshing native plugins compatible for Editor in 0.45 ms, found 1 plugins.
Preloading 0 native plugins for Editor in 0.00 ms.
Invoked RoslynAnalysisRunner static constructor.
RoslynAnalysisRunner will not be running.
RoslynAnalysisRunner has terminated.
Mono: successfully reloaded assembly
- Completed reload, in  0.974 seconds
Platform modules already initialized, skipping
Refreshing native plugins compatible for Editor in 0.46 ms, found 1 plugins.
Preloading 0 native plugins for Editor in 0.00 ms.
Unloading 2112 Unused Serialized files (Serialized files now loaded: 0)
System memory in use before: 100.1 MB.
System memory in use after: 100.1 MB.

Unloading 12 unused Assets to reduce memory usage. Loaded Objects now: 2640.
Total: 2.499700 ms (FindLiveObjects: 0.243800 ms CreateObjectMapping: 0.058200 ms MarkObjects: 2.070600 ms  DeleteObjects: 0.125300 ms)

========================================================================
Received Prepare
Registering precompiled user dll's ...
Registered in 0.000911 seconds.
Begin MonoManager ReloadAssembly
Native extension for WindowsStandalone target not found
Native extension for WebGL target not found
Refreshing native plugins compatible for Editor in 0.47 ms, found 1 plugins.
Preloading 0 native plugins for Editor in 0.00 ms.
Invoked RoslynAnalysisRunner static constructor.
RoslynAnalysisRunner will not be running.
RoslynAnalysisRunner has terminated.
Mono: successfully reloaded assembly
- Completed reload, in  0.971 seconds
Platform modules already initialized, skipping
Refreshing native plugins compatible for Editor in 0.46 ms, found 1 plugins.
Preloading 0 native plugins for Editor in 0.00 ms.
Unloading 2112 Unused Serialized files (Serialized files now loaded: 0)
System memory in use before: 100.1 MB.
System memory in use after: 100.1 MB.

Unloading 12 unused Assets to reduce memory usage. Loaded Objects now: 2643.
Total: 3.201000 ms (FindLiveObjects: 0.285100 ms CreateObjectMapping: 0.057800 ms MarkObjects: 2.706700 ms  DeleteObjects: 0.150000 ms)

========================================================================
Received Prepare
Registering precompiled user dll's ...
Registered in 0.000949 seconds.
Begin MonoManager ReloadAssembly
Native extension for WindowsStandalone target not found
Native extension for WebGL target not found
Refreshing native plugins compatible for Editor in 0.46 ms, found 1 plugins.
Preloading 0 native plugins for Editor in 0.00 ms.
Invoked RoslynAnalysisRunner static constructor.
RoslynAnalysisRunner will not be running.
RoslynAnalysisRunner has terminated.
Mono: successfully reloaded assembly
- Completed reload, in  0.948 seconds
Platform modules already initialized, skipping
Refreshing native plugins compatible for Editor in 0.44 ms, found 1 plugins.
Preloading 0 native plugins for Editor in 0.00 ms.
Unloading 2112 Unused Serialized files (Serialized files now loaded: 0)
System memory in use before: 100.1 MB.
System memory in use after: 100.1 MB.

Unloading 12 unused Assets to reduce memory usage. Loaded Objects now: 2646.
Total: 2.447800 ms (FindLiveObjects: 0.240400 ms CreateObjectMapping: 0.055000 ms MarkObjects: 2.028500 ms  DeleteObjects: 0.122400 ms)

========================================================================
Received Prepare
Registering precompiled user dll's ...
Registered in 0.001014 seconds.
Begin MonoManager ReloadAssembly
Native extension for WindowsStandalone target not found
Native extension for WebGL target not found
Refreshing native plugins compatible for Editor in 0.46 ms, found 1 plugins.
Preloading 0 native plugins for Editor in 0.00 ms.
Invoked RoslynAnalysisRunner static constructor.
RoslynAnalysisRunner will not be running.
RoslynAnalysisRunner has terminated.
Mono: successfully reloaded assembly
- Completed reload, in  0.977 seconds
Platform modules already initialized, skipping
Refreshing native plugins compatible for Editor in 0.53 ms, found 1 plugins.
Preloading 0 native plugins for Editor in 0.00 ms.
Unloading 2112 Unused Serialized files (Serialized files now loaded: 0)
System memory in use before: 100.1 MB.
System memory in use after: 100.1 MB.

Unloading 12 unused Assets to reduce memory usage. Loaded Objects now: 2649.
Total: 2.803500 ms (FindLiveObjects: 0.401200 ms CreateObjectMapping: 0.119500 ms MarkObjects: 2.088500 ms  DeleteObjects: 0.192800 ms)

========================================================================
Received Import Request.
  Time since last request: 491.373924 seconds.
  path: Assets/Scenes/Gameplay.unity
  artifactKey: Guid(3decc0dd21dd19b43b295ead371cae4e) Importer(815301076,1909f56bfc062723c751e8b465ee728b)
Start importing Assets/Scenes/Gameplay.unity using Guid(3decc0dd21dd19b43b295ead371cae4e) Importer(815301076,1909f56bfc062723c751e8b465ee728b)  -> (artifact id: '06244085b2d952502bc32ae42b7e990d') in 0.018264 seconds
  Import took 0.021802 seconds .

========================================================================
Received Import Request.
  Time since last request: 5.704690 seconds.
  path: Assets/Scenes/PreGameplayEvent.unity
  artifactKey: Guid(6ffd31ed67eaa214caaeb3b658de7b3f) Importer(815301076,1909f56bfc062723c751e8b465ee728b)
Start importing Assets/Scenes/PreGameplayEvent.unity using Guid(6ffd31ed67eaa214caaeb3b658de7b3f) Importer(815301076,1909f56bfc062723c751e8b465ee728b)  -> (artifact id: 'ac3747c069288e59280c91f9f6f48334') in 0.008186 seconds
  Import took 0.011706 seconds .

========================================================================
Received Prepare
Refreshing native plugins compatible for Editor in 1.57 ms, found 1 plugins.
Preloading 0 native plugins for Editor in 0.00 ms.
Unloading 10 Unused Serialized files (Serialized files now loaded: 0)
System memory in use before: 58.6 MB.
System memory in use after: 58.6 MB.

Unloading 10 unused Assets to reduce memory usage. Loaded Objects now: 2649.
Total: 3.119600 ms (FindLiveObjects: 0.252200 ms CreateObjectMapping: 0.058000 ms MarkObjects: 2.681600 ms  DeleteObjects: 0.126300 ms)

========================================================================
Received Import Request.
  Time since last request: 336.490588 seconds.
  path: Assets/Scenes/Gameplay.unity
  artifactKey: Guid(3decc0dd21dd19b43b295ead371cae4e) Importer(815301076,1909f56bfc062723c751e8b465ee728b)
Start importing Assets/Scenes/Gameplay.unity using Guid(3decc0dd21dd19b43b295ead371cae4e) Importer(815301076,1909f56bfc062723c751e8b465ee728b)  -> (artifact id: '5e4e6329625a325b8583bdc2b800825e') in 0.003094 seconds
  Import took 0.006934 seconds .

========================================================================
Received Import Request.
  Time since last request: 29.561941 seconds.
  path: Assets/Prefabs/Inter Objs/Bedroom/DresserData.asset
  artifactKey: Guid(fdc3acaaff6a47a43b8eefc8bf82b637) Importer(815301076,1909f56bfc062723c751e8b465ee728b)
Start importing Assets/Prefabs/Inter Objs/Bedroom/DresserData.asset using Guid(fdc3acaaff6a47a43b8eefc8bf82b637) Importer(815301076,1909f56bfc062723c751e8b465ee728b)  -> (artifact id: 'f6ecdd54fb4a812cad24d0190f50988c') in 0.011315 seconds
  Import took 0.014828 seconds .

========================================================================
Received Import Request.
  Time since last request: 190.654538 seconds.
  path: Assets/Prefabs/Inter Objs/Bedroom/DeskTrashData.asset
  artifactKey: Guid(56fbd87af108a9b4a84a840545ed7b12) Importer(815301076,1909f56bfc062723c751e8b465ee728b)
Start importing Assets/Prefabs/Inter Objs/Bedroom/DeskTrashData.asset using Guid(56fbd87af108a9b4a84a840545ed7b12) Importer(815301076,1909f56bfc062723c751e8b465ee728b)  -> (artifact id: 'a83ccd90545f17645c7c9bb3d88909fa') in 0.009300 seconds
  Import took 0.013137 seconds .

========================================================================
Received Prepare
Registering precompiled user dll's ...
Registered in 0.001145 seconds.
Begin MonoManager ReloadAssembly
Native extension for WindowsStandalone target not found
Native extension for WebGL target not found
Refreshing native plugins compatible for Editor in 0.46 ms, found 1 plugins.
Preloading 0 native plugins for Editor in 0.00 ms.
Invoked RoslynAnalysisRunner static constructor.
RoslynAnalysisRunner will not be running.
RoslynAnalysisRunner has terminated.
Mono: successfully reloaded assembly
- Completed reload, in  0.954 seconds
Platform modules already initialized, skipping
Refreshing native plugins compatible for Editor in 0.47 ms, found 1 plugins.
Preloading 0 native plugins for Editor in 0.00 ms.
Unloading 2112 Unused Serialized files (Serialized files now loaded: 0)
System memory in use before: 100.1 MB.
System memory in use after: 100.1 MB.

Unloading 12 unused Assets to reduce memory usage. Loaded Objects now: 2652.
Total: 2.408700 ms (FindLiveObjects: 0.214200 ms CreateObjectMapping: 0.056800 ms MarkObjects: 2.018100 ms  DeleteObjects: 0.118700 ms)

========================================================================
Received Prepare
Registering precompiled user dll's ...
Registered in 0.000974 seconds.
Begin MonoManager ReloadAssembly
Native extension for WindowsStandalone target not found
Native extension for WebGL target not found
Refreshing native plugins compatible for Editor in 0.45 ms, found 1 plugins.
Preloading 0 native plugins for Editor in 0.00 ms.
Invoked RoslynAnalysisRunner static constructor.
RoslynAnalysisRunner will not be running.
RoslynAnalysisRunner has terminated.
Mono: successfully reloaded assembly
- Completed reload, in  0.941 seconds
Platform modules already initialized, skipping
Refreshing native plugins compatible for Editor in 0.48 ms, found 1 plugins.
Preloading 0 native plugins for Editor in 0.00 ms.
Unloading 2112 Unused Serialized files (Serialized files now loaded: 0)
System memory in use before: 100.1 MB.
System memory in use after: 100.1 MB.

Unloading 12 unused Assets to reduce memory usage. Loaded Objects now: 2655.
Total: 2.697900 ms (FindLiveObjects: 0.319500 ms CreateObjectMapping: 0.056700 ms MarkObjects: 2.196000 ms  DeleteObjects: 0.124100 ms)

========================================================================
Received Prepare
Registering precompiled user dll's ...
Registered in 0.000946 seconds.
Begin MonoManager ReloadAssembly
Native extension for WindowsStandalone target not found
Native extension for WebGL target not found
Refreshing native plugins compatible for Editor in 0.52 ms, found 1 plugins.
Preloading 0 native plugins for Editor in 0.00 ms.
Invoked RoslynAnalysisRunner static constructor.
RoslynAnalysisRunner will not be running.
RoslynAnalysisRunner has terminated.
Mono: successfully reloaded assembly
- Completed reload, in  0.957 seconds
Platform modules already initialized, skipping
Refreshing native plugins compatible for Editor in 0.45 ms, found 1 plugins.
Preloading 0 native plugins for Editor in 0.00 ms.
Unloading 2112 Unused Serialized files (Serialized files now loaded: 0)
System memory in use before: 100.1 MB.
System memory in use after: 100.1 MB.

Unloading 12 unused Assets to reduce memory usage. Loaded Objects now: 2658.
Total: 2.367700 ms (FindLiveObjects: 0.240200 ms CreateObjectMapping: 0.055700 ms MarkObjects: 1.950500 ms  DeleteObjects: 0.120000 ms)

========================================================================
Received Prepare
Registering precompiled user dll's ...
Registered in 0.000892 seconds.
Begin MonoManager ReloadAssembly
Native extension for WindowsStandalone target not found
Native extension for WebGL target not found
Refreshing native plugins compatible for Editor in 0.46 ms, found 1 plugins.
Preloading 0 native plugins for Editor in 0.00 ms.
Invoked RoslynAnalysisRunner static constructor.
RoslynAnalysisRunner will not be running.
RoslynAnalysisRunner has terminated.
Mono: successfully reloaded assembly
- Completed reload, in  0.956 seconds
Platform modules already initialized, skipping
Refreshing native plugins compatible for Editor in 0.45 ms, found 1 plugins.
Preloading 0 native plugins for Editor in 0.00 ms.
Unloading 2112 Unused Serialized files (Serialized files now loaded: 0)
System memory in use before: 100.2 MB.
System memory in use after: 100.2 MB.

Unloading 12 unused Assets to reduce memory usage. Loaded Objects now: 2661.
Total: 2.676300 ms (FindLiveObjects: 0.249800 ms CreateObjectMapping: 0.057900 ms MarkObjects: 2.233600 ms  DeleteObjects: 0.133700 ms)

========================================================================
Received Prepare
Registering precompiled user dll's ...
Registered in 0.000975 seconds.
Begin MonoManager ReloadAssembly
Native extension for WindowsStandalone target not found
Native extension for WebGL target not found
Refreshing native plugins compatible for Editor in 0.45 ms, found 1 plugins.
Preloading 0 native plugins for Editor in 0.00 ms.
Invoked RoslynAnalysisRunner static constructor.
RoslynAnalysisRunner will not be running.
RoslynAnalysisRunner has terminated.
Mono: successfully reloaded assembly
- Completed reload, in  0.959 seconds
Platform modules already initialized, skipping
Refreshing native plugins compatible for Editor in 0.45 ms, found 1 plugins.
Preloading 0 native plugins for Editor in 0.00 ms.
Unloading 2112 Unused Serialized files (Serialized files now loaded: 0)
System memory in use before: 100.2 MB.
System memory in use after: 100.2 MB.

Unloading 12 unused Assets to reduce memory usage. Loaded Objects now: 2664.
Total: 2.547100 ms (FindLiveObjects: 0.240300 ms CreateObjectMapping: 0.056800 ms MarkObjects: 2.120700 ms  DeleteObjects: 0.128100 ms)

========================================================================
Received Prepare
Registering precompiled user dll's ...
Registered in 0.000903 seconds.
Begin MonoManager ReloadAssembly
Native extension for WindowsStandalone target not found
Native extension for WebGL target not found
Refreshing native plugins compatible for Editor in 0.46 ms, found 1 plugins.
Preloading 0 native plugins for Editor in 0.00 ms.
Invoked RoslynAnalysisRunner static constructor.
RoslynAnalysisRunner will not be running.
RoslynAnalysisRunner has terminated.
Mono: successfully reloaded assembly
- Completed reload, in  0.948 seconds
Platform modules already initialized, skipping
Refreshing native plugins compatible for Editor in 0.45 ms, found 1 plugins.
Preloading 0 native plugins for Editor in 0.00 ms.
Unloading 2112 Unused Serialized files (Serialized files now loaded: 0)
System memory in use before: 100.2 MB.
System memory in use after: 100.2 MB.

Unloading 12 unused Assets to reduce memory usage. Loaded Objects now: 2667.
Total: 2.566000 ms (FindLiveObjects: 0.237800 ms CreateObjectMapping: 0.057900 ms MarkObjects: 2.144600 ms  DeleteObjects: 0.124400 ms)

========================================================================
Received Prepare
Registering precompiled user dll's ...
Registered in 0.000932 seconds.
Begin MonoManager ReloadAssembly
Native extension for WindowsStandalone target not found
Native extension for WebGL target not found
Refreshing native plugins compatible for Editor in 0.45 ms, found 1 plugins.
Preloading 0 native plugins for Editor in 0.00 ms.
Invoked RoslynAnalysisRunner static constructor.
RoslynAnalysisRunner will not be running.
RoslynAnalysisRunner has terminated.
Mono: successfully reloaded assembly
- Completed reload, in  0.938 seconds
Platform modules already initialized, skipping
Refreshing native plugins compatible for Editor in 0.45 ms, found 1 plugins.
Preloading 0 native plugins for Editor in 0.00 ms.
Unloading 2112 Unused Serialized files (Serialized files now loaded: 0)
System memory in use before: 100.2 MB.
System memory in use after: 100.2 MB.

Unloading 12 unused Assets to reduce memory usage. Loaded Objects now: 2670.
Total: 2.372100 ms (FindLiveObjects: 0.224900 ms CreateObjectMapping: 0.056800 ms MarkObjects: 1.967200 ms  DeleteObjects: 0.121900 ms)

========================================================================
Received Import Request.
  Time since last request: 745.990102 seconds.
  path: Assets/Scenes/PostGameplayEvent.unity
  artifactKey: Guid(8e93b016f6f03d14e951453f68b0d6f3) Importer(815301076,1909f56bfc062723c751e8b465ee728b)
Start importing Assets/Scenes/PostGameplayEvent.unity using Guid(8e93b016f6f03d14e951453f68b0d6f3) Importer(815301076,1909f56bfc062723c751e8b465ee728b)  -> (artifact id: '064b6d5e90695a98c4e441b7ee4ad7c7') in 0.012983 seconds
  Import took 0.016529 seconds .

========================================================================
Received Prepare
Registering precompiled user dll's ...
Registered in 0.000927 seconds.
Begin MonoManager ReloadAssembly
Native extension for WindowsStandalone target not found
Native extension for WebGL target not found
Refreshing native plugins compatible for Editor in 0.47 ms, found 1 plugins.
Preloading 0 native plugins for Editor in 0.00 ms.
Invoked RoslynAnalysisRunner static constructor.
RoslynAnalysisRunner will not be running.
RoslynAnalysisRunner has terminated.
Mono: successfully reloaded assembly
- Completed reload, in  0.941 seconds
Platform modules already initialized, skipping
Refreshing native plugins compatible for Editor in 0.45 ms, found 1 plugins.
Preloading 0 native plugins for Editor in 0.00 ms.
Unloading 2112 Unused Serialized files (Serialized files now loaded: 0)
System memory in use before: 100.2 MB.
System memory in use after: 100.2 MB.

Unloading 12 unused Assets to reduce memory usage. Loaded Objects now: 2673.
Total: 2.513300 ms (FindLiveObjects: 0.224900 ms CreateObjectMapping: 0.055000 ms MarkObjects: 2.107700 ms  DeleteObjects: 0.124600 ms)

========================================================================
Received Prepare
Registering precompiled user dll's ...
Registered in 0.000922 seconds.
Begin MonoManager ReloadAssembly
Native extension for WindowsStandalone target not found
Native extension for WebGL target not found
Refreshing native plugins compatible for Editor in 0.46 ms, found 1 plugins.
Preloading 0 native plugins for Editor in 0.00 ms.
Invoked RoslynAnalysisRunner static constructor.
RoslynAnalysisRunner will not be running.
RoslynAnalysisRunner has terminated.
Mono: successfully reloaded assembly
- Completed reload, in  0.954 seconds
Platform modules already initialized, skipping
Refreshing native plugins compatible for Editor in 0.45 ms, found 1 plugins.
Preloading 0 native plugins for Editor in 0.00 ms.
Unloading 2112 Unused Serialized files (Serialized files now loaded: 0)
System memory in use before: 100.2 MB.
System memory in use after: 100.2 MB.

Unloading 12 unused Assets to reduce memory usage. Loaded Objects now: 2676.
Total: 2.385600 ms (FindLiveObjects: 0.226500 ms CreateObjectMapping: 0.056000 ms MarkObjects: 1.981800 ms  DeleteObjects: 0.120300 ms)

========================================================================
Received Prepare
Registering precompiled user dll's ...
Registered in 0.000906 seconds.
Begin MonoManager ReloadAssembly
Native extension for WindowsStandalone target not found
Native extension for WebGL target not found
Refreshing native plugins compatible for Editor in 0.50 ms, found 1 plugins.
Preloading 0 native plugins for Editor in 0.00 ms.
Invoked RoslynAnalysisRunner static constructor.
RoslynAnalysisRunner will not be running.
RoslynAnalysisRunner has terminated.
Mono: successfully reloaded assembly
- Completed reload, in  0.977 seconds
Platform modules already initialized, skipping
Refreshing native plugins compatible for Editor in 0.45 ms, found 1 plugins.
Preloading 0 native plugins for Editor in 0.00 ms.
Unloading 2112 Unused Serialized files (Serialized files now loaded: 0)
System memory in use before: 100.2 MB.
System memory in use after: 100.2 MB.

Unloading 12 unused Assets to reduce memory usage. Loaded Objects now: 2679.
Total: 2.444600 ms (FindLiveObjects: 0.260800 ms CreateObjectMapping: 0.057400 ms MarkObjects: 2.001500 ms  DeleteObjects: 0.123900 ms)

========================================================================
Received Prepare
Registering precompiled user dll's ...
Registered in 0.001150 seconds.
Begin MonoManager ReloadAssembly
Native extension for WindowsStandalone target not found
Native extension for WebGL target not found
Refreshing native plugins compatible for Editor in 0.46 ms, found 1 plugins.
Preloading 0 native plugins for Editor in 0.00 ms.
Invoked RoslynAnalysisRunner static constructor.
RoslynAnalysisRunner will not be running.
RoslynAnalysisRunner has terminated.
Mono: successfully reloaded assembly
- Completed reload, in  0.959 seconds
Platform modules already initialized, skipping
Refreshing native plugins compatible for Editor in 0.45 ms, found 1 plugins.
Preloading 0 native plugins for Editor in 0.00 ms.
Unloading 2112 Unused Serialized files (Serialized files now loaded: 0)
System memory in use before: 100.2 MB.
System memory in use after: 100.2 MB.

Unloading 12 unused Assets to reduce memory usage. Loaded Objects now: 2682.
Total: 2.438700 ms (FindLiveObjects: 0.233800 ms CreateObjectMapping: 0.056900 ms MarkObjects: 2.029700 ms  DeleteObjects: 0.117100 ms)

========================================================================
Received Prepare
Registering precompiled user dll's ...
Registered in 0.000934 seconds.
Begin MonoManager ReloadAssembly
Native extension for WindowsStandalone target not found
Native extension for WebGL target not found
Refreshing native plugins compatible for Editor in 0.48 ms, found 1 plugins.
Preloading 0 native plugins for Editor in 0.00 ms.
Invoked RoslynAnalysisRunner static constructor.
RoslynAnalysisRunner will not be running.
RoslynAnalysisRunner has terminated.
Mono: successfully reloaded assembly
- Completed reload, in  0.940 seconds
Platform modules already initialized, skipping
Refreshing native plugins compatible for Editor in 0.45 ms, found 1 plugins.
Preloading 0 native plugins for Editor in 0.00 ms.
Unloading 2112 Unused Serialized files (Serialized files now loaded: 0)
System memory in use before: 100.2 MB.
System memory in use after: 100.2 MB.

Unloading 12 unused Assets to reduce memory usage. Loaded Objects now: 2685.
Total: 2.802900 ms (FindLiveObjects: 0.400800 ms CreateObjectMapping: 0.112500 ms MarkObjects: 2.162500 ms  DeleteObjects: 0.125800 ms)

========================================================================
Received Import Request.
  Time since last request: 338.225797 seconds.
  path: Assets/Scenes/PreGameplayEvent.unity
  artifactKey: Guid(6ffd31ed67eaa214caaeb3b658de7b3f) Importer(815301076,1909f56bfc062723c751e8b465ee728b)
Start importing Assets/Scenes/PreGameplayEvent.unity using Guid(6ffd31ed67eaa214caaeb3b658de7b3f) Importer(815301076,1909f56bfc062723c751e8b465ee728b)  -> (artifact id: '44391274978155c7836ab0f493e57292') in 0.011225 seconds
  Import took 0.015802 seconds .

========================================================================
Received Import Request.
  Time since last request: 41.355125 seconds.
  path: Assets/Scenes/PostGameplayEvent.unity
  artifactKey: Guid(8e93b016f6f03d14e951453f68b0d6f3) Importer(815301076,1909f56bfc062723c751e8b465ee728b)
Start importing Assets/Scenes/PostGameplayEvent.unity using Guid(8e93b016f6f03d14e951453f68b0d6f3) Importer(815301076,1909f56bfc062723c751e8b465ee728b)  -> (artifact id: '25a913a7a1b8dd634daf911edb2bff95') in 0.002340 seconds
  Import took 0.006082 seconds .

========================================================================
Received Import Request.
  Time since last request: 11.003498 seconds.
  path: Assets/Scenes/PostGameplayEvent.unity
  artifactKey: Guid(8e93b016f6f03d14e951453f68b0d6f3) Importer(815301076,1909f56bfc062723c751e8b465ee728b)
Start importing Assets/Scenes/PostGameplayEvent.unity using Guid(8e93b016f6f03d14e951453f68b0d6f3) Importer(815301076,1909f56bfc062723c751e8b465ee728b)  -> (artifact id: '0c395622f9dd3f90e8a29ff1bdff9193') in 0.002226 seconds
  Import took 0.005816 seconds .

========================================================================
Received Import Request.
  Time since last request: 0.704989 seconds.
  path: Assets/Scenes/Main Menu.unity
  artifactKey: Guid(61428cc5f5d3b8b48ba672cf516b6bd4) Importer(815301076,1909f56bfc062723c751e8b465ee728b)
Start importing Assets/Scenes/Main Menu.unity using Guid(61428cc5f5d3b8b48ba672cf516b6bd4) Importer(815301076,1909f56bfc062723c751e8b465ee728b)  -> (artifact id: '3ee71a77ecb12c71fb3e726878cd98aa') in 0.008690 seconds
  Import took 0.012204 seconds .

========================================================================
Received Import Request.
  Time since last request: 0.628156 seconds.
  path: Assets/Scenes/Gameplay.unity
  artifactKey: Guid(3decc0dd21dd19b43b295ead371cae4e) Importer(815301076,1909f56bfc062723c751e8b465ee728b)
Start importing Assets/Scenes/Gameplay.unity using Guid(3decc0dd21dd19b43b295ead371cae4e) Importer(815301076,1909f56bfc062723c751e8b465ee728b)  -> (artifact id: '038ddeab498744b66d46c096de13c847') in 0.002836 seconds
  Import took 0.020397 seconds .

========================================================================
Received Prepare
Refreshing native plugins compatible for Editor in 1.57 ms, found 1 plugins.
Preloading 0 native plugins for Editor in 0.00 ms.
Unloading 10 Unused Serialized files (Serialized files now loaded: 0)
System memory in use before: 58.8 MB.
System memory in use after: 58.8 MB.

Unloading 10 unused Assets to reduce memory usage. Loaded Objects now: 2685.
Total: 3.008800 ms (FindLiveObjects: 0.226600 ms CreateObjectMapping: 0.056000 ms MarkObjects: 2.599000 ms  DeleteObjects: 0.125900 ms)

========================================================================
Received Prepare
Registering precompiled user dll's ...
Registered in 0.001054 seconds.
Begin MonoManager ReloadAssembly
Native extension for WindowsStandalone target not found
Native extension for WebGL target not found
Refreshing native plugins compatible for Editor in 0.59 ms, found 1 plugins.
Preloading 0 native plugins for Editor in 0.00 ms.
Invoked RoslynAnalysisRunner static constructor.
RoslynAnalysisRunner will not be running.
RoslynAnalysisRunner has terminated.
Mono: successfully reloaded assembly
- Completed reload, in  0.978 seconds
Platform modules already initialized, skipping
Refreshing native plugins compatible for Editor in 0.53 ms, found 1 plugins.
Preloading 0 native plugins for Editor in 0.00 ms.
Unloading 2112 Unused Serialized files (Serialized files now loaded: 0)
System memory in use before: 100.3 MB.
System memory in use after: 100.3 MB.

Unloading 12 unused Assets to reduce memory usage. Loaded Objects now: 2688.
Total: 2.424900 ms (FindLiveObjects: 0.248800 ms CreateObjectMapping: 0.066600 ms MarkObjects: 1.991200 ms  DeleteObjects: 0.117400 ms)

========================================================================
Received Import Request.
  Time since last request: 272.463621 seconds.
  path: Assets/Prefabs/Inter Objs/Bathroom/Shower/ShowerData.asset
  artifactKey: Guid(bca1e78caf34c664b92b3970ee18cbc1) Importer(815301076,1909f56bfc062723c751e8b465ee728b)
Start importing Assets/Prefabs/Inter Objs/Bathroom/Shower/ShowerData.asset using Guid(bca1e78caf34c664b92b3970ee18cbc1) Importer(815301076,1909f56bfc062723c751e8b465ee728b)  -> (artifact id: '52443156bc97c0614dd5f397e5189e87') in 0.029182 seconds
  Import took 0.033107 seconds .

========================================================================
Received Import Request.
  Time since last request: 0.001333 seconds.
  path: Assets/Prefabs/Inter Objs/Bathroom/Shower/ShowerData.asset
  artifactKey: Guid(bca1e78caf34c664b92b3970ee18cbc1) Importer(815301076,1909f56bfc062723c751e8b465ee728b)
Start importing Assets/Prefabs/Inter Objs/Bathroom/Shower/ShowerData.asset using Guid(bca1e78caf34c664b92b3970ee18cbc1) Importer(815301076,1909f56bfc062723c751e8b465ee728b)  -> (artifact id: '52443156bc97c0614dd5f397e5189e87') in 0.004521 seconds
  Import took 0.007894 seconds .

========================================================================
Received Prepare
Registering precompiled user dll's ...
Registered in 0.000959 seconds.
Begin MonoManager ReloadAssembly
Native extension for WindowsStandalone target not found
Native extension for WebGL target not found
Refreshing native plugins compatible for Editor in 0.45 ms, found 1 plugins.
Preloading 0 native plugins for Editor in 0.00 ms.
Invoked RoslynAnalysisRunner static constructor.
RoslynAnalysisRunner will not be running.
RoslynAnalysisRunner has terminated.
Mono: successfully reloaded assembly
- Completed reload, in  0.950 seconds
Platform modules already initialized, skipping
Refreshing native plugins compatible for Editor in 0.46 ms, found 1 plugins.
Preloading 0 native plugins for Editor in 0.00 ms.
Unloading 2112 Unused Serialized files (Serialized files now loaded: 0)
System memory in use before: 100.3 MB.
System memory in use after: 100.3 MB.

Unloading 12 unused Assets to reduce memory usage. Loaded Objects now: 2691.
Total: 2.499500 ms (FindLiveObjects: 0.246500 ms CreateObjectMapping: 0.065500 ms MarkObjects: 2.060800 ms  DeleteObjects: 0.125400 ms)

========================================================================
Received Prepare
Registering precompiled user dll's ...
Registered in 0.000910 seconds.
Begin MonoManager ReloadAssembly
Native extension for WindowsStandalone target not found
Native extension for WebGL target not found
Refreshing native plugins compatible for Editor in 0.46 ms, found 1 plugins.
Preloading 0 native plugins for Editor in 0.00 ms.
Invoked RoslynAnalysisRunner static constructor.
RoslynAnalysisRunner will not be running.
RoslynAnalysisRunner has terminated.
Mono: successfully reloaded assembly
- Completed reload, in  0.954 seconds
Platform modules already initialized, skipping
Refreshing native plugins compatible for Editor in 0.48 ms, found 1 plugins.
Preloading 0 native plugins for Editor in 0.00 ms.
Unloading 2112 Unused Serialized files (Serialized files now loaded: 0)
System memory in use before: 100.3 MB.
System memory in use after: 100.3 MB.

Unloading 12 unused Assets to reduce memory usage. Loaded Objects now: 2694.
Total: 2.634900 ms (FindLiveObjects: 0.226900 ms CreateObjectMapping: 0.057500 ms MarkObjects: 2.223900 ms  DeleteObjects: 0.125100 ms)

========================================================================
Received Prepare
Registering precompiled user dll's ...
Registered in 0.000905 seconds.
Begin MonoManager ReloadAssembly
Native extension for WindowsStandalone target not found
Native extension for WebGL target not found
Refreshing native plugins compatible for Editor in 0.46 ms, found 1 plugins.
Preloading 0 native plugins for Editor in 0.00 ms.
Invoked RoslynAnalysisRunner static constructor.
RoslynAnalysisRunner will not be running.
RoslynAnalysisRunner has terminated.
Mono: successfully reloaded assembly
- Completed reload, in  0.945 seconds
Platform modules already initialized, skipping
Refreshing native plugins compatible for Editor in 0.44 ms, found 1 plugins.
Preloading 0 native plugins for Editor in 0.00 ms.
Unloading 2112 Unused Serialized files (Serialized files now loaded: 0)
System memory in use before: 100.3 MB.
System memory in use after: 100.3 MB.

Unloading 12 unused Assets to reduce memory usage. Loaded Objects now: 2697.
Total: 2.380200 ms (FindLiveObjects: 0.232700 ms CreateObjectMapping: 0.057100 ms MarkObjects: 1.967600 ms  DeleteObjects: 0.121500 ms)

========================================================================
Received Prepare
Registering precompiled user dll's ...
Registered in 0.000906 seconds.
Begin MonoManager ReloadAssembly
Native extension for WindowsStandalone target not found
Native extension for WebGL target not found
Refreshing native plugins compatible for Editor in 0.45 ms, found 1 plugins.
Preloading 0 native plugins for Editor in 0.00 ms.
Invoked RoslynAnalysisRunner static constructor.
RoslynAnalysisRunner will not be running.
RoslynAnalysisRunner has terminated.
Mono: successfully reloaded assembly
- Completed reload, in  0.941 seconds
Platform modules already initialized, skipping
Refreshing native plugins compatible for Editor in 0.49 ms, found 1 plugins.
Preloading 0 native plugins for Editor in 0.00 ms.
Unloading 2112 Unused Serialized files (Serialized files now loaded: 0)
System memory in use before: 100.3 MB.
System memory in use after: 100.3 MB.

Unloading 12 unused Assets to reduce memory usage. Loaded Objects now: 2700.
Total: 3.693700 ms (FindLiveObjects: 0.306400 ms CreateObjectMapping: 0.058100 ms MarkObjects: 3.146600 ms  DeleteObjects: 0.180800 ms)

========================================================================
Received Import Request.
  Time since last request: 377.932943 seconds.
  path: Assets/Prefabs/Inter Objs/Bathroom/Shower/ShowerData.asset
  artifactKey: Guid(bca1e78caf34c664b92b3970ee18cbc1) Importer(815301076,1909f56bfc062723c751e8b465ee728b)
Start importing Assets/Prefabs/Inter Objs/Bathroom/Shower/ShowerData.asset using Guid(bca1e78caf34c664b92b3970ee18cbc1) Importer(815301076,1909f56bfc062723c751e8b465ee728b)  -> (artifact id: 'c065cff556842ca4ec0df8f5a3255ee5') in 0.015403 seconds
  Import took 0.019510 seconds .

========================================================================
Received Import Request.
  Time since last request: 8.022235 seconds.
  path: Assets/Scenes/Gameplay.unity
  artifactKey: Guid(3decc0dd21dd19b43b295ead371cae4e) Importer(815301076,1909f56bfc062723c751e8b465ee728b)
Start importing Assets/Scenes/Gameplay.unity using Guid(3decc0dd21dd19b43b295ead371cae4e) Importer(815301076,1909f56bfc062723c751e8b465ee728b)  -> (artifact id: 'c7341a8454fed9aeab3772447d0e0eec') in 0.002400 seconds
  Import took 0.005805 seconds .

========================================================================
Received Import Request.
  Time since last request: 2.624702 seconds.
  path: Assets/Scenes/PreGameplayEvent.unity
  artifactKey: Guid(6ffd31ed67eaa214caaeb3b658de7b3f) Importer(815301076,1909f56bfc062723c751e8b465ee728b)
Start importing Assets/Scenes/PreGameplayEvent.unity using Guid(6ffd31ed67eaa214caaeb3b658de7b3f) Importer(815301076,1909f56bfc062723c751e8b465ee728b)  -> (artifact id: 'e7042652669884f44d808b3a96af4d9a') in 0.002429 seconds
  Import took 0.005915 seconds .

========================================================================
Received Prepare
Refreshing native plugins compatible for Editor in 1.59 ms, found 1 plugins.
Preloading 0 native plugins for Editor in 0.00 ms.
Unloading 10 Unused Serialized files (Serialized files now loaded: 0)
System memory in use before: 59.0 MB.
System memory in use after: 59.0 MB.

Unloading 10 unused Assets to reduce memory usage. Loaded Objects now: 2700.
Total: 2.938800 ms (FindLiveObjects: 0.242800 ms CreateObjectMapping: 0.056300 ms MarkObjects: 2.518300 ms  DeleteObjects: 0.120400 ms)

========================================================================
Received Prepare
Registering precompiled user dll's ...
Registered in 0.000910 seconds.
Begin MonoManager ReloadAssembly
Native extension for WindowsStandalone target not found
Native extension for WebGL target not found
Refreshing native plugins compatible for Editor in 0.45 ms, found 1 plugins.
Preloading 0 native plugins for Editor in 0.00 ms.
Invoked RoslynAnalysisRunner static constructor.
RoslynAnalysisRunner will not be running.
RoslynAnalysisRunner has terminated.
Mono: successfully reloaded assembly
- Completed reload, in  0.950 seconds
Platform modules already initialized, skipping
Refreshing native plugins compatible for Editor in 0.46 ms, found 1 plugins.
Preloading 0 native plugins for Editor in 0.00 ms.
Unloading 2112 Unused Serialized files (Serialized files now loaded: 0)
System memory in use before: 100.3 MB.
System memory in use after: 100.3 MB.

Unloading 12 unused Assets to reduce memory usage. Loaded Objects now: 2703.
Total: 2.722700 ms (FindLiveObjects: 0.271000 ms CreateObjectMapping: 0.082200 ms MarkObjects: 2.241500 ms  DeleteObjects: 0.126900 ms)

========================================================================
Received Prepare
Refreshing native plugins compatible for Editor in 1.59 ms, found 1 plugins.
Preloading 0 native plugins for Editor in 0.00 ms.
Unloading 10 Unused Serialized files (Serialized files now loaded: 0)
System memory in use before: 58.8 MB.
System memory in use after: 58.8 MB.

Unloading 10 unused Assets to reduce memory usage. Loaded Objects now: 2703.
Total: 2.376100 ms (FindLiveObjects: 0.226400 ms CreateObjectMapping: 0.056300 ms MarkObjects: 1.974000 ms  DeleteObjects: 0.118500 ms)

========================================================================
Received Prepare
Refreshing native plugins compatible for Editor in 1.52 ms, found 1 plugins.
Preloading 0 native plugins for Editor in 0.00 ms.
Unloading 10 Unused Serialized files (Serialized files now loaded: 0)
System memory in use before: 58.8 MB.
System memory in use after: 58.8 MB.

Unloading 10 unused Assets to reduce memory usage. Loaded Objects now: 2703.
Total: 3.258000 ms (FindLiveObjects: 0.320100 ms CreateObjectMapping: 0.077400 ms MarkObjects: 2.720300 ms  DeleteObjects: 0.139000 ms)

========================================================================
Received Prepare
Refreshing native plugins compatible for Editor in 1.51 ms, found 1 plugins.
Preloading 0 native plugins for Editor in 0.00 ms.
Unloading 10 Unused Serialized files (Serialized files now loaded: 0)
System memory in use before: 58.8 MB.
System memory in use after: 58.8 MB.

Unloading 10 unused Assets to reduce memory usage. Loaded Objects now: 2703.
Total: 3.077200 ms (FindLiveObjects: 0.365700 ms CreateObjectMapping: 0.077300 ms MarkObjects: 2.503800 ms  DeleteObjects: 0.128300 ms)

========================================================================
Received Prepare
Registering precompiled user dll's ...
Registered in 0.000911 seconds.
Begin MonoManager ReloadAssembly
Native extension for WindowsStandalone target not found
Native extension for WebGL target not found
Refreshing native plugins compatible for Editor in 0.47 ms, found 1 plugins.
Preloading 0 native plugins for Editor in 0.00 ms.
Invoked RoslynAnalysisRunner static constructor.
RoslynAnalysisRunner will not be running.
RoslynAnalysisRunner has terminated.
Mono: successfully reloaded assembly
- Completed reload, in  0.956 seconds
Platform modules already initialized, skipping
Refreshing native plugins compatible for Editor in 0.45 ms, found 1 plugins.
Preloading 0 native plugins for Editor in 0.00 ms.
Unloading 2112 Unused Serialized files (Serialized files now loaded: 0)
System memory in use before: 100.3 MB.
System memory in use after: 100.3 MB.

Unloading 12 unused Assets to reduce memory usage. Loaded Objects now: 2706.
Total: 2.594500 ms (FindLiveObjects: 0.246600 ms CreateObjectMapping: 0.059400 ms MarkObjects: 2.164600 ms  DeleteObjects: 0.122900 ms)

========================================================================
Received Prepare
Refreshing native plugins compatible for Editor in 1.60 ms, found 1 plugins.
Preloading 0 native plugins for Editor in 0.00 ms.
Unloading 10 Unused Serialized files (Serialized files now loaded: 0)
System memory in use before: 58.8 MB.
System memory in use after: 58.8 MB.

Unloading 10 unused Assets to reduce memory usage. Loaded Objects now: 2706.
Total: 2.427200 ms (FindLiveObjects: 0.266200 ms CreateObjectMapping: 0.056500 ms MarkObjects: 1.982400 ms  DeleteObjects: 0.121200 ms)

========================================================================
Received Prepare
Refreshing native plugins compatible for Editor in 1.49 ms, found 1 plugins.
Preloading 0 native plugins for Editor in 0.00 ms.
Unloading 10 Unused Serialized files (Serialized files now loaded: 0)
System memory in use before: 58.8 MB.
System memory in use after: 58.8 MB.

Unloading 10 unused Assets to reduce memory usage. Loaded Objects now: 2706.
Total: 2.686900 ms (FindLiveObjects: 0.407400 ms CreateObjectMapping: 0.116600 ms MarkObjects: 2.038400 ms  DeleteObjects: 0.123500 ms)

AssetImportWorkerClient::OnTransportError - code=2 error=End of file
